<?xml version="1.0" encoding="UTF-8"?>
<robot generator="Robot 6.1.1 (Python 3.11.2 on win32)" generated="20231009 00:37:52.939" rpa="false" schemaversion="4">
<suite id="s1" name="Auto Robot" source="C:\Users\tapio\WebstormProjects\WhisperFeed\WhisperFeed\tests\robot\auto_robot.robot">
<test id="s1-t1" name="New Event Should Appear On The Page And Save Invite Code" line="77">
<kw name="Open Browser to Whisperfeed Login Page">
<kw name="New Browser" library="Browser">
<arg>headless=${false}</arg>
<tag>BrowserControl</tag>
<tag>Setter</tag>
<doc>Create a new playwright Browser with specified options.</doc>
<msg timestamp="20231009 00:37:53.544" level="INFO">{"browser": "chromium", "headless": false, "chromiumSandbox": false, "devtools": false, "handleSIGHUP": true, "handleSIGINT": true, "handleSIGTERM": true, "slowMo": 0.0, "timeout": 30000.0, "tracesDir": "C:\\Users\\tapio\\WebstormProjects\\WhisperFeed\\WhisperFeed\\browser\\traces\\5473e9d3-8c4f-4f70-80cb-f9fac7a6694e"}</msg>
<msg timestamp="20231009 00:37:53.730" level="INFO">Successfully created browser with options: {"browser":"chromium","headless":false,"chromiumSandbox":false,"devtools":false,"handleSIGHUP":true,"handleSIGINT":true,"handleSIGTERM":true,"slowMo":0,"timeout":30000,"tracesDir":"C:\\Users\\tapio\\WebstormProjects\\WhisperFeed\\WhisperFeed\\browser\\traces\\5473e9d3-8c4f-4f70-80cb-f9fac7a6694e"}</msg>
<status status="PASS" starttime="20231009 00:37:53.544" endtime="20231009 00:37:53.730"/>
</kw>
<kw name="New Page" library="Browser">
<arg>${URL}</arg>
<tag>BrowserControl</tag>
<tag>Setter</tag>
<doc>Open a new Page.</doc>
<msg timestamp="20231009 00:37:54.355" level="INFO">Successfully initialized new page object and opened url: http://localhost:3000</msg>
<msg timestamp="20231009 00:37:54.355" level="INFO">No context was open. New context was automatically opened when this page is created.</msg>
<status status="PASS" starttime="20231009 00:37:53.731" endtime="20231009 00:37:54.355"/>
</kw>
<status status="PASS" starttime="20231009 00:37:53.544" endtime="20231009 00:37:54.355"/>
</kw>
<kw name="Login As Teacher">
<kw name="Fill Text" library="Browser">
<arg>xpath=//*[@id="email"]</arg>
<arg>${TEACHER_EMAIL}</arg>
<tag>PageContent</tag>
<tag>Setter</tag>
<doc>Clears and fills the given ``txt`` into the text field found by ``selector``.</doc>
<msg timestamp="20231009 00:37:54.355" level="INFO">Fills the text 'teacherwhisperfeed@gmail.com' in the given field.</msg>
<status status="PASS" starttime="20231009 00:37:54.355" endtime="20231009 00:37:54.407"/>
</kw>
<kw name="Fill Text" library="Browser">
<arg>xpath=//*[@id="password"]</arg>
<arg>${TEACHER_PASSWORD}</arg>
<tag>PageContent</tag>
<tag>Setter</tag>
<doc>Clears and fills the given ``txt`` into the text field found by ``selector``.</doc>
<msg timestamp="20231009 00:37:54.407" level="INFO">Fills the text 'admin11!' in the given field.</msg>
<status status="PASS" starttime="20231009 00:37:54.407" endtime="20231009 00:37:54.416"/>
</kw>
<kw name="Click" library="Browser">
<arg>xpath=//*[@id="root"]/div/div/div/div/div/div/div/form/button</arg>
<tag>PageContent</tag>
<tag>Setter</tag>
<doc>Simulates mouse click on the element found by ``selector``.</doc>
<status status="PASS" starttime="20231009 00:37:54.417" endtime="20231009 00:37:54.518"/>
</kw>
<status status="PASS" starttime="20231009 00:37:54.355" endtime="20231009 00:37:54.518"/>
</kw>
<kw name="Create Event">
<kw name="Sleep" library="BuiltIn">
<arg>2s</arg>
<doc>Pauses the test executed for the given time.</doc>
<msg timestamp="20231009 00:37:56.520" level="INFO">Slept 2 seconds</msg>
<status status="PASS" starttime="20231009 00:37:54.519" endtime="20231009 00:37:56.520"/>
</kw>
<kw name="Click" library="Browser">
<arg>xpath=//*[@id="create_btn"]/button</arg>
<tag>PageContent</tag>
<tag>Setter</tag>
<doc>Simulates mouse click on the element found by ``selector``.</doc>
<status status="PASS" starttime="20231009 00:37:56.520" endtime="20231009 00:37:56.542"/>
</kw>
<kw name="Sleep" library="BuiltIn">
<arg>2s</arg>
<doc>Pauses the test executed for the given time.</doc>
<msg timestamp="20231009 00:37:58.542" level="INFO">Slept 2 seconds</msg>
<status status="PASS" starttime="20231009 00:37:56.542" endtime="20231009 00:37:58.542"/>
</kw>
<kw name="Select Options By" library="Browser">
<arg>xpath=//*[@id="event-types"]</arg>
<arg>value</arg>
<arg>Course</arg>
<tag>PageContent</tag>
<tag>Setter</tag>
<doc>Selects options from select element found by ``selector``.</doc>
<status status="PASS" starttime="20231009 00:37:58.542" endtime="20231009 00:37:58.559"/>
</kw>
<kw name="Sleep" library="BuiltIn">
<arg>2s</arg>
<doc>Pauses the test executed for the given time.</doc>
<msg timestamp="20231009 00:38:00.561" level="INFO">Slept 2 seconds</msg>
<status status="PASS" starttime="20231009 00:37:58.559" endtime="20231009 00:38:00.561"/>
</kw>
<kw name="Click" library="Browser">
<arg>xpath=//*[@id="defaultModal"]/div/form/div[2]/input</arg>
<tag>PageContent</tag>
<tag>Setter</tag>
<doc>Simulates mouse click on the element found by ``selector``.</doc>
<status status="PASS" starttime="20231009 00:38:00.561" endtime="20231009 00:38:00.575"/>
</kw>
<kw name="Fill Text" library="Browser">
<arg>xpath=//*[@id="defaultModal"]/div/form/div[2]/input</arg>
<arg>${EVENT_NAME}</arg>
<tag>PageContent</tag>
<tag>Setter</tag>
<doc>Clears and fills the given ``txt`` into the text field found by ``selector``.</doc>
<msg timestamp="20231009 00:38:00.575" level="INFO">Fills the text 'A Robot Test' in the given field.</msg>
<status status="PASS" starttime="20231009 00:38:00.575" endtime="20231009 00:38:00.584"/>
</kw>
<kw name="Click" library="Browser">
<arg>xpath=//*[@id="defaultModal"]/div/form/div[2]/div/button</arg>
<tag>PageContent</tag>
<tag>Setter</tag>
<doc>Simulates mouse click on the element found by ``selector``.</doc>
<status status="PASS" starttime="20231009 00:38:00.584" endtime="20231009 00:38:00.611"/>
</kw>
<kw name="Click" library="Browser">
<arg>xpath=//*[@id="defaultModal"]/div/div/button</arg>
<tag>PageContent</tag>
<tag>Setter</tag>
<doc>Simulates mouse click on the element found by ``selector``.</doc>
<status status="PASS" starttime="20231009 00:38:00.611" endtime="20231009 00:38:00.635"/>
</kw>
<status status="PASS" starttime="20231009 00:37:54.519" endtime="20231009 00:38:00.635"/>
</kw>
<kw name="Check Succesfull Event Creation">
<kw name="Get Text" library="Browser">
<arg>xpath=//*[@id="root"]/div/div/div/div/div/section/div/div[2]/div/div[1]/h2</arg>
<arg>==</arg>
<arg>${EVENT_NAME}</arg>
<tag>Assertion</tag>
<tag>Getter</tag>
<tag>PageContent</tag>
<doc>Returns text attribute of the element found by ``selector``.</doc>
<msg timestamp="20231009 00:38:01.453" level="INFO">Text: 'A Robot Test'</msg>
<status status="PASS" starttime="20231009 00:38:00.635" endtime="20231009 00:38:01.453"/>
</kw>
<status status="PASS" starttime="20231009 00:38:00.635" endtime="20231009 00:38:01.453"/>
</kw>
<kw name="Get Event Invite Code">
<kw name="Get Text" library="Browser">
<var>${InviteCode}</var>
<arg>xpath=//*[@id="root"]/div/div/div/div/div/section/div/div[2]/div[1]/div[2]/div[1]/div/p[2]/b</arg>
<tag>Assertion</tag>
<tag>Getter</tag>
<tag>PageContent</tag>
<doc>Returns text attribute of the element found by ``selector``.</doc>
<msg timestamp="20231009 00:38:01.459" level="INFO">Text: 'kArM03'</msg>
<msg timestamp="20231009 00:38:01.459" level="INFO">${InviteCode} = kArM03</msg>
<status status="PASS" starttime="20231009 00:38:01.453" endtime="20231009 00:38:01.460"/>
</kw>
<kw name="Set Global Variable" library="BuiltIn">
<arg>${INVITECODE}</arg>
<arg>${InviteCode}</arg>
<doc>Makes a variable available globally in all tests and suites.</doc>
<msg timestamp="20231009 00:38:01.460" level="INFO">${INVITECODE} = kArM03</msg>
<status status="PASS" starttime="20231009 00:38:01.460" endtime="20231009 00:38:01.460"/>
</kw>
<status status="PASS" starttime="20231009 00:38:01.453" endtime="20231009 00:38:01.460"/>
</kw>
<kw name="Logout">
<kw name="Sleep" library="BuiltIn">
<arg>5s</arg>
<doc>Pauses the test executed for the given time.</doc>
<msg timestamp="20231009 00:38:06.460" level="INFO">Slept 5 seconds</msg>
<status status="PASS" starttime="20231009 00:38:01.460" endtime="20231009 00:38:06.460"/>
</kw>
<kw name="Click" library="Browser">
<arg>xpath=//*[@id="root"]/div/header/nav/div/div[1]/div/button</arg>
<tag>PageContent</tag>
<tag>Setter</tag>
<doc>Simulates mouse click on the element found by ``selector``.</doc>
<status status="PASS" starttime="20231009 00:38:06.460" endtime="20231009 00:38:06.482"/>
</kw>
<status status="PASS" starttime="20231009 00:38:01.460" endtime="20231009 00:38:06.483"/>
</kw>
<status status="PASS" starttime="20231009 00:37:53.542" endtime="20231009 00:38:06.483"/>
</test>
<test id="s1-t2" name="Joined Event Can Bee Seen On The Home Page And Feedback Is Given" line="85">
<kw name="Open Browser to Whisperfeed Login Page">
<kw name="New Browser" library="Browser">
<arg>headless=${false}</arg>
<tag>BrowserControl</tag>
<tag>Setter</tag>
<doc>Create a new playwright Browser with specified options.</doc>
<msg timestamp="20231009 00:38:06.517" level="INFO">Switching browser to browser=c62ba0d8-be85-4e33-9835-78b86a0fe02d</msg>
<msg timestamp="20231009 00:38:06.518" level="INFO">Successfully changed active browser</msg>
<msg timestamp="20231009 00:38:06.518" level="INFO">Reusing existing browser with id: browser=c62ba0d8-be85-4e33-9835-78b86a0fe02d</msg>
<status status="PASS" starttime="20231009 00:38:06.517" endtime="20231009 00:38:06.518"/>
</kw>
<kw name="New Page" library="Browser">
<arg>${URL}</arg>
<tag>BrowserControl</tag>
<tag>Setter</tag>
<doc>Open a new Page.</doc>
<msg timestamp="20231009 00:38:07.108" level="INFO">Successfully initialized new page object and opened url: http://localhost:3000</msg>
<msg timestamp="20231009 00:38:07.108" level="INFO">No context was open. New context was automatically opened when this page is created.</msg>
<status status="PASS" starttime="20231009 00:38:06.518" endtime="20231009 00:38:07.108"/>
</kw>
<status status="PASS" starttime="20231009 00:38:06.516" endtime="20231009 00:38:07.108"/>
</kw>
<kw name="Login As Student">
<kw name="Fill Text" library="Browser">
<arg>xpath=//*[@id="email"]</arg>
<arg>${STUDENT_EMAIL}</arg>
<tag>PageContent</tag>
<tag>Setter</tag>
<doc>Clears and fills the given ``txt`` into the text field found by ``selector``.</doc>
<msg timestamp="20231009 00:38:07.109" level="INFO">Fills the text 'studentwhisperfeed@gmail.com' in the given field.</msg>
<status status="PASS" starttime="20231009 00:38:07.109" endtime="20231009 00:38:07.158"/>
</kw>
<kw name="Fill Text" library="Browser">
<arg>xpath=//*[@id="password"]</arg>
<arg>${STUDENT_PASSWORD}</arg>
<tag>PageContent</tag>
<tag>Setter</tag>
<doc>Clears and fills the given ``txt`` into the text field found by ``selector``.</doc>
<msg timestamp="20231009 00:38:07.158" level="INFO">Fills the text 'Admin11!' in the given field.</msg>
<status status="PASS" starttime="20231009 00:38:07.158" endtime="20231009 00:38:07.166"/>
</kw>
<kw name="Click" library="Browser">
<arg>xpath=//*[@id="root"]/div/div/div/div/div/div/div/form/button</arg>
<tag>PageContent</tag>
<tag>Setter</tag>
<doc>Simulates mouse click on the element found by ``selector``.</doc>
<status status="PASS" starttime="20231009 00:38:07.166" endtime="20231009 00:38:07.194"/>
</kw>
<status status="PASS" starttime="20231009 00:38:07.108" endtime="20231009 00:38:07.194"/>
</kw>
<kw name="Join Event">
<kw name="Fill Text" library="Browser">
<arg>xpath=//*[@id="join_btn"]/input</arg>
<arg>${INVITECODE}</arg>
<tag>PageContent</tag>
<tag>Setter</tag>
<doc>Clears and fills the given ``txt`` into the text field found by ``selector``.</doc>
<msg timestamp="20231009 00:38:07.194" level="INFO">Fills the text 'kArM03' in the given field.</msg>
<status status="PASS" starttime="20231009 00:38:07.194" endtime="20231009 00:38:08.014"/>
</kw>
<kw name="Click" library="Browser">
<arg>xpath=//*[@id="join_btn"]/button</arg>
<tag>PageContent</tag>
<tag>Setter</tag>
<doc>Simulates mouse click on the element found by ``selector``.</doc>
<status status="PASS" starttime="20231009 00:38:08.014" endtime="20231009 00:38:08.036"/>
</kw>
<status status="PASS" starttime="20231009 00:38:07.194" endtime="20231009 00:38:08.036"/>
</kw>
<kw name="Check Succesfull Join">
<kw name="Get Text" library="Browser">
<arg>xpath=//*[@id="root"]/div/div/div/div/div/section/div/div[2]/div[1]/div[1]/h2</arg>
<arg>==</arg>
<arg>${EVENT_NAME}</arg>
<tag>Assertion</tag>
<tag>Getter</tag>
<tag>PageContent</tag>
<doc>Returns text attribute of the element found by ``selector``.</doc>
<msg timestamp="20231009 00:38:08.875" level="INFO">Text: 'A Robot Test'</msg>
<status status="PASS" starttime="20231009 00:38:08.037" endtime="20231009 00:38:08.875"/>
</kw>
<status status="PASS" starttime="20231009 00:38:08.036" endtime="20231009 00:38:08.876"/>
</kw>
<kw name="Give Feedback">
<kw name="Click" library="Browser">
<arg>xpath=//*[@id="list-radio-ok"]</arg>
<tag>PageContent</tag>
<tag>Setter</tag>
<doc>Simulates mouse click on the element found by ``selector``.</doc>
<status status="PASS" starttime="20231009 00:38:08.876" endtime="20231009 00:38:08.892"/>
</kw>
<kw name="Fill Text" library="Browser">
<arg>xpath=//*[@id="root"]/div/div/div/div/div/section/div/div[2]/div[1]/div[2]/div/div[2]/form/div[1]/textarea</arg>
<arg>testing ok</arg>
<tag>PageContent</tag>
<tag>Setter</tag>
<doc>Clears and fills the given ``txt`` into the text field found by ``selector``.</doc>
<msg timestamp="20231009 00:38:08.892" level="INFO">Fills the text 'testing ok' in the given field.</msg>
<status status="PASS" starttime="20231009 00:38:08.892" endtime="20231009 00:38:08.900"/>
</kw>
<kw name="Click" library="Browser">
<arg>xpath=//*[@id="root"]/div/div/div/div/div/section/div/div[2]/div[1]/div[2]/div/div[2]/form/div[2]/button</arg>
<tag>PageContent</tag>
<tag>Setter</tag>
<doc>Simulates mouse click on the element found by ``selector``.</doc>
<status status="PASS" starttime="20231009 00:38:08.900" endtime="20231009 00:38:08.926"/>
</kw>
<status status="PASS" starttime="20231009 00:38:08.876" endtime="20231009 00:38:08.926"/>
</kw>
<kw name="Logout">
<kw name="Sleep" library="BuiltIn">
<arg>5s</arg>
<doc>Pauses the test executed for the given time.</doc>
<msg timestamp="20231009 00:38:13.927" level="INFO">Slept 5 seconds</msg>
<status status="PASS" starttime="20231009 00:38:08.927" endtime="20231009 00:38:13.927"/>
</kw>
<kw name="Click" library="Browser">
<arg>xpath=//*[@id="root"]/div/header/nav/div/div[1]/div/button</arg>
<tag>PageContent</tag>
<tag>Setter</tag>
<doc>Simulates mouse click on the element found by ``selector``.</doc>
<status status="PASS" starttime="20231009 00:38:13.927" endtime="20231009 00:38:13.947"/>
</kw>
<status status="PASS" starttime="20231009 00:38:08.926" endtime="20231009 00:38:13.947"/>
</kw>
<status status="PASS" starttime="20231009 00:38:06.515" endtime="20231009 00:38:13.948"/>
</test>
<test id="s1-t3" name="Feedback Is Received And The Event Removed" line="93">
<kw name="Open Browser to Whisperfeed Login Page">
<kw name="New Browser" library="Browser">
<arg>headless=${false}</arg>
<tag>BrowserControl</tag>
<tag>Setter</tag>
<doc>Create a new playwright Browser with specified options.</doc>
<msg timestamp="20231009 00:38:13.978" level="INFO">Switching browser to browser=c62ba0d8-be85-4e33-9835-78b86a0fe02d</msg>
<msg timestamp="20231009 00:38:13.978" level="INFO">Successfully changed active browser</msg>
<msg timestamp="20231009 00:38:13.979" level="INFO">Reusing existing browser with id: browser=c62ba0d8-be85-4e33-9835-78b86a0fe02d</msg>
<status status="PASS" starttime="20231009 00:38:13.977" endtime="20231009 00:38:13.979"/>
</kw>
<kw name="New Page" library="Browser">
<arg>${URL}</arg>
<tag>BrowserControl</tag>
<tag>Setter</tag>
<doc>Open a new Page.</doc>
<msg timestamp="20231009 00:38:14.570" level="INFO">Successfully initialized new page object and opened url: http://localhost:3000</msg>
<msg timestamp="20231009 00:38:14.570" level="INFO">No context was open. New context was automatically opened when this page is created.</msg>
<status status="PASS" starttime="20231009 00:38:13.979" endtime="20231009 00:38:14.570"/>
</kw>
<status status="PASS" starttime="20231009 00:38:13.977" endtime="20231009 00:38:14.571"/>
</kw>
<kw name="Login As Teacher">
<kw name="Fill Text" library="Browser">
<arg>xpath=//*[@id="email"]</arg>
<arg>${TEACHER_EMAIL}</arg>
<tag>PageContent</tag>
<tag>Setter</tag>
<doc>Clears and fills the given ``txt`` into the text field found by ``selector``.</doc>
<msg timestamp="20231009 00:38:14.571" level="INFO">Fills the text 'teacherwhisperfeed@gmail.com' in the given field.</msg>
<status status="PASS" starttime="20231009 00:38:14.571" endtime="20231009 00:38:14.620"/>
</kw>
<kw name="Fill Text" library="Browser">
<arg>xpath=//*[@id="password"]</arg>
<arg>${TEACHER_PASSWORD}</arg>
<tag>PageContent</tag>
<tag>Setter</tag>
<doc>Clears and fills the given ``txt`` into the text field found by ``selector``.</doc>
<msg timestamp="20231009 00:38:14.620" level="INFO">Fills the text 'admin11!' in the given field.</msg>
<status status="PASS" starttime="20231009 00:38:14.620" endtime="20231009 00:38:14.629"/>
</kw>
<kw name="Click" library="Browser">
<arg>xpath=//*[@id="root"]/div/div/div/div/div/div/div/form/button</arg>
<tag>PageContent</tag>
<tag>Setter</tag>
<doc>Simulates mouse click on the element found by ``selector``.</doc>
<status status="PASS" starttime="20231009 00:38:14.629" endtime="20231009 00:38:14.655"/>
</kw>
<status status="PASS" starttime="20231009 00:38:14.571" endtime="20231009 00:38:14.655"/>
</kw>
<kw name="Check Feedback">
<kw name="Click" library="Browser">
<arg>xpath=//*[@id="root"]/div/div/div/div/div/section/div/div[2]/div[1]/div[2]/div[2]/div[1]/button</arg>
<tag>PageContent</tag>
<tag>Setter</tag>
<doc>Simulates mouse click on the element found by ``selector``.</doc>
<status status="PASS" starttime="20231009 00:38:14.655" endtime="20231009 00:38:16.018"/>
</kw>
<kw name="Get Text" library="Browser">
<arg>xpath=//*[@id="defaultModal"]/div/div[2]/div[1]/p[3]</arg>
<arg>==</arg>
<arg>OK: 1</arg>
<tag>Assertion</tag>
<tag>Getter</tag>
<tag>PageContent</tag>
<doc>Returns text attribute of the element found by ``selector``.</doc>
<msg timestamp="20231009 00:38:16.296" level="INFO">Text: 'OK: 1'</msg>
<status status="PASS" starttime="20231009 00:38:16.018" endtime="20231009 00:38:16.296"/>
</kw>
<kw name="Get Text" library="Browser">
<arg>xpath=//*[@id="defaultModal"]/div/div[2]/div[2]/ul/li/p[1]</arg>
<arg>==</arg>
<arg>testing ok</arg>
<tag>Assertion</tag>
<tag>Getter</tag>
<tag>PageContent</tag>
<doc>Returns text attribute of the element found by ``selector``.</doc>
<msg timestamp="20231009 00:38:16.303" level="INFO">Text: 'testing ok'</msg>
<status status="PASS" starttime="20231009 00:38:16.297" endtime="20231009 00:38:16.303"/>
</kw>
<kw name="Click" library="Browser">
<arg>xpath=//*[@id="defaultModal"]/div/div[1]/button</arg>
<tag>PageContent</tag>
<tag>Setter</tag>
<doc>Simulates mouse click on the element found by ``selector``.</doc>
<status status="PASS" starttime="20231009 00:38:16.303" endtime="20231009 00:38:16.330"/>
</kw>
<status status="PASS" starttime="20231009 00:38:14.655" endtime="20231009 00:38:16.330"/>
</kw>
<kw name="Remove Event">
<kw name="Click" library="Browser">
<arg>xpath=//*[@id="root"]/div/div/div/div/div/section/div/div[2]/div[1]/div[2]/div[2]/div[2]/button</arg>
<tag>PageContent</tag>
<tag>Setter</tag>
<doc>Simulates mouse click on the element found by ``selector``.</doc>
<status status="PASS" starttime="20231009 00:38:16.331" endtime="20231009 00:38:16.351"/>
</kw>
<status status="PASS" starttime="20231009 00:38:16.331" endtime="20231009 00:38:16.351"/>
</kw>
<kw name="Logout">
<kw name="Sleep" library="BuiltIn">
<arg>5s</arg>
<doc>Pauses the test executed for the given time.</doc>
<msg timestamp="20231009 00:38:21.352" level="INFO">Slept 5 seconds</msg>
<status status="PASS" starttime="20231009 00:38:16.351" endtime="20231009 00:38:21.352"/>
</kw>
<kw name="Click" library="Browser">
<arg>xpath=//*[@id="root"]/div/header/nav/div/div[1]/div/button</arg>
<tag>PageContent</tag>
<tag>Setter</tag>
<doc>Simulates mouse click on the element found by ``selector``.</doc>
<status status="PASS" starttime="20231009 00:38:21.352" endtime="20231009 00:38:21.373"/>
</kw>
<status status="PASS" starttime="20231009 00:38:16.351" endtime="20231009 00:38:21.373"/>
</kw>
<status status="PASS" starttime="20231009 00:38:13.976" endtime="20231009 00:38:21.373"/>
</test>
<status status="PASS" starttime="20231009 00:37:52.939" endtime="20231009 00:38:21.400"/>
</suite>
<statistics>
<total>
<stat pass="3" fail="0" skip="0">All Tests</stat>
</total>
<tag>
</tag>
<suite>
<stat pass="3" fail="0" skip="0" id="s1" name="Auto Robot">Auto Robot</stat>
</suite>
</statistics>
<errors>
</errors>
</robot>
